# JRE version: OpenJDK Runtime Environment Temurin-21.0.9+10 (21.0.9+10) (build 21.0.9+10-LTS)
# Java VM: OpenJDK 64-Bit Server VM Temurin-21.0.9+10 (21.0.9+10-LTS, mixed mode, sharing, tiered, compressed oops, compressed class ptrs, parallel gc, windows-amd64)
GC Precious Log:
 CardTable entry size: 512
 CPUs: 4 total, 4 available
 Memory: 8103M
 Large Page Support: Disabled
 NUMA Support: Disabled
 Compressed Oops: Enabled (32-bit)
 Alignments: Space 512K, Generation 512K, Heap 2M
 Heap Min Capacity: 100M
 Heap Initial Capacity: 100M
 Heap Max Capacity: 2G
 Pre-touch: Disabled
 Parallel Workers: 4
Heap:
 PSYoungGen      total 17920K, used 5862K [0x00000000d5580000, 0x00000000d6800000, 0x0000000100000000)
  eden space 17408K, 32% used [0x00000000d5580000,0x00000000d5b018b0,0x00000000d6680000)
  from space 512K, 43% used [0x00000000d6700000,0x00000000d6738030,0x00000000d6780000)
  to   space 512K, 0% used [0x00000000d6780000,0x00000000d6780000,0x00000000d6800000)
 ParOldGen       total 68608K, used 49635K [0x0000000080000000, 0x0000000084300000, 0x00000000d5580000)
  object space 68608K, 72% used [0x0000000080000000,0x0000000083078de0,0x0000000084300000)
 Metaspace       used 58694K, committed 59968K, reserved 1114112K
  class space    used 6263K, committed 6784K, reserved 1048576K
GC Heap History (20 events):
Event: 954.683 GC heap before
{Heap before GC invocations=116 (full 2):
 PSYoungGen      total 17920K, used 17536K [0x00000000d5580000, 0x00000000d6800000, 0x0000000100000000)
  eden space 17408K, 100% used [0x00000000d5580000,0x00000000d6680000,0x00000000d6680000)
  from space 512K, 25% used [0x00000000d6700000,0x00000000d6720000,0x00000000d6780000)
  to   space 512K, 0% used [0x00000000d6780000,0x00000000d6780000,0x00000000d6800000)
 ParOldGen       total 68608K, used 49038K [0x0000000080000000, 0x0000000084300000, 0x00000000d5580000)
  object space 68608K, 71% used [0x0000000080000000,0x0000000082fe3b88,0x0000000084300000)
 Metaspace       used 58595K, committed 59904K, reserved 1114112K
  class space    used 6263K, committed 6784K, reserved 1048576K
}
Event: 954.685 GC heap after
{Heap after GC invocations=116 (full 2):
 PSYoungGen      total 17920K, used 208K [0x00000000d5580000, 0x00000000d6800000, 0x0000000100000000)
  eden space 17408K, 0% used [0x00000000d5580000,0x00000000d5580000,0x00000000d6680000)
  from space 512K, 40% used [0x00000000d6780000,0x00000000d67b4048,0x00000000d6800000)
  to   space 512K, 0% used [0x00000000d6700000,0x00000000d6700000,0x00000000d6780000)
 ParOldGen       total 68608K, used 49070K [0x0000000080000000, 0x0000000084300000, 0x00000000d5580000)
  object space 68608K, 71% used [0x0000000080000000,0x0000000082febb88,0x0000000084300000)
 Metaspace       used 58595K, committed 59904K, reserved 1114112K
  class space    used 6263K, committed 6784K, reserved 1048576K
}
Event: 962.101 GC heap before
{Heap before GC invocations=117 (full 2):
 PSYoungGen      total 17920K, used 17616K [0x00000000d5580000, 0x00000000d6800000, 0x0000000100000000)
  eden space 17408K, 100% used [0x00000000d5580000,0x00000000d6680000,0x00000000d6680000)
  from space 512K, 40% used [0x00000000d6780000,0x00000000d67b4048,0x00000000d6800000)
  to   space 512K, 0% used [0x00000000d6700000,0x00000000d6700000,0x00000000d6780000)
 ParOldGen       total 68608K, used 49070K [0x0000000080000000, 0x0000000084300000, 0x00000000d5580000)
  object space 68608K, 71% used [0x0000000080000000,0x0000000082febb88,0x0000000084300000)
 Metaspace       used 58595K, committed 59904K, reserved 1114112K
  class space    used 6263K, committed 6784K, reserved 1048576K
}
Event: 962.102 GC heap after
{Heap after GC invocations=117 (full 2):
 PSYoungGen      total 17920K, used 128K [0x00000000d5580000, 0x00000000d6800000, 0x0000000100000000)
  eden space 17408K, 0% used [0x00000000d5580000,0x00000000d5580000,0x00000000d6680000)
  from space 512K, 25% used [0x00000000d6700000,0x00000000d6720000,0x00000000d6780000)
  to   space 512K, 0% used [0x00000000d6780000,0x00000000d6780000,0x00000000d6800000)
 ParOldGen       total 68608K, used 49126K [0x0000000080000000, 0x0000000084300000, 0x00000000d5580000)
  object space 68608K, 71% used [0x0000000080000000,0x0000000082ff9bd8,0x0000000084300000)
 Metaspace       used 58595K, committed 59904K, reserved 1114112K
  class space    used 6263K, committed 6784K, reserved 1048576K
}
Event: 1070.937 GC heap before
{Heap before GC invocations=118 (full 2):
 PSYoungGen      total 17920K, used 17536K [0x00000000d5580000, 0x00000000d6800000, 0x0000000100000000)
  eden space 17408K, 100% used [0x00000000d5580000,0x00000000d6680000,0x00000000d6680000)
  from space 512K, 25% used [0x00000000d6700000,0x00000000d6720000,0x00000000d6780000)
  to   space 512K, 0% used [0x00000000d6780000,0x00000000d6780000,0x00000000d6800000)
 ParOldGen       total 68608K, used 49126K [0x0000000080000000, 0x0000000084300000, 0x00000000d5580000)
  object space 68608K, 71% used [0x0000000080000000,0x0000000082ff9bd8,0x0000000084300000)
 Metaspace       used 58613K, committed 59904K, reserved 1114112K
  class space    used 6263K, committed 6784K, reserved 1048576K
}
Event: 1070.939 GC heap after
{Heap after GC invocations=118 (full 2):
 PSYoungGen      total 17920K, used 160K [0x00000000d5580000, 0x00000000d6800000, 0x0000000100000000)
  eden space 17408K, 0% used [0x00000000d5580000,0x00000000d5580000,0x00000000d6680000)
  from space 512K, 31% used [0x00000000d6780000,0x00000000d67a8010,0x00000000d6800000)
  to   space 512K, 0% used [0x00000000d6700000,0x00000000d6700000,0x00000000d6780000)
 ParOldGen       total 68608K, used 49134K [0x0000000080000000, 0x0000000084300000, 0x00000000d5580000)
  object space 68608K, 71% used [0x0000000080000000,0x0000000082ffbbd8,0x0000000084300000)
 Metaspace       used 58613K, committed 59904K, reserved 1114112K
  class space    used 6263K, committed 6784K, reserved 1048576K
}
Event: 1211.228 GC heap before
{Heap before GC invocations=119 (full 2):
 PSYoungGen      total 17920K, used 17568K [0x00000000d5580000, 0x00000000d6800000, 0x0000000100000000)
  eden space 17408K, 100% used [0x00000000d5580000,0x00000000d6680000,0x00000000d6680000)
  from space 512K, 31% used [0x00000000d6780000,0x00000000d67a8010,0x00000000d6800000)
  to   space 512K, 0% used [0x00000000d6700000,0x00000000d6700000,0x00000000d6780000)
 ParOldGen       total 68608K, used 49134K [0x0000000080000000, 0x0000000084300000, 0x00000000d5580000)
  object space 68608K, 71% used [0x0000000080000000,0x0000000082ffbbd8,0x0000000084300000)
 Metaspace       used 58622K, committed 59904K, reserved 1114112K
  class space    used 6263K, committed 6784K, reserved 1048576K
}
Event: 1211.234 GC heap after
{Heap after GC invocations=119 (full 2):
 PSYoungGen      total 17920K, used 160K [0x00000000d5580000, 0x00000000d6800000, 0x0000000100000000)
  eden space 17408K, 0% used [0x00000000d5580000,0x00000000d5580000,0x00000000d6680000)
  from space 512K, 31% used [0x00000000d6700000,0x00000000d6728000,0x00000000d6780000)
  to   space 512K, 0% used [0x00000000d6780000,0x00000000d6780000,0x00000000d6800000)
 ParOldGen       total 68608K, used 49214K [0x0000000080000000, 0x0000000084300000, 0x00000000d5580000)
  object space 68608K, 71% used [0x0000000080000000,0x000000008300fbe8,0x0000000084300000)
 Metaspace       used 58622K, committed 59904K, reserved 1114112K
  class space    used 6263K, committed 6784K, reserved 1048576K
}
Event: 1222.824 GC heap before
{Heap before GC invocations=120 (full 2):
 PSYoungGen      total 17920K, used 17568K [0x00000000d5580000, 0x00000000d6800000, 0x0000000100000000)
  eden space 17408K, 100% used [0x00000000d5580000,0x00000000d6680000,0x00000000d6680000)
  from space 512K, 31% used [0x00000000d6700000,0x00000000d6728000,0x00000000d6780000)
  to   space 512K, 0% used [0x00000000d6780000,0x00000000d6780000,0x00000000d6800000)
 ParOldGen       total 68608K, used 49214K [0x0000000080000000, 0x0000000084300000, 0x00000000d5580000)
  object space 68608K, 71% used [0x0000000080000000,0x000000008300fbe8,0x0000000084300000)
 Metaspace       used 58623K, committed 59904K, reserved 1114112K
  class space    used 6263K, committed 6784K, reserved 1048576K
}
Event: 1222.825 GC heap after
{Heap after GC invocations=120 (full 2):
 PSYoungGen      total 17920K, used 128K [0x00000000d5580000, 0x00000000d6800000, 0x0000000100000000)
  eden space 17408K, 0% used [0x00000000d5580000,0x00000000d5580000,0x00000000d6680000)
  from space 512K, 25% used [0x00000000d6780000,0x00000000d67a0000,0x00000000d6800000)
  to   space 512K, 0% used [0x00000000d6700000,0x00000000d6700000,0x00000000d6780000)
 ParOldGen       total 68608K, used 49279K [0x0000000080000000, 0x0000000084300000, 0x00000000d5580000)
  object space 68608K, 71% used [0x0000000080000000,0x000000008301fc18,0x0000000084300000)
 Metaspace       used 58623K, committed 59904K, reserved 1114112K
  class space    used 6263K, committed 6784K, reserved 1048576K
}
Event: 1261.221 GC heap before
{Heap before GC invocations=121 (full 2):
 PSYoungGen      total 17920K, used 17536K [0x00000000d5580000, 0x00000000d6800000, 0x0000000100000000)
  eden space 17408K, 100% used [0x00000000d5580000,0x00000000d6680000,0x00000000d6680000)
  from space 512K, 25% used [0x00000000d6780000,0x00000000d67a0000,0x00000000d6800000)
  to   space 512K, 0% used [0x00000000d6700000,0x00000000d6700000,0x00000000d6780000)
 ParOldGen       total 68608K, used 49279K [0x0000000080000000, 0x0000000084300000, 0x00000000d5580000)
  object space 68608K, 71% used [0x0000000080000000,0x000000008301fc18,0x0000000084300000)
 Metaspace       used 58642K, committed 59904K, reserved 1114112K
  class space    used 6263K, committed 6784K, reserved 1048576K
}
Event: 1261.226 GC heap after
{Heap after GC invocations=121 (full 2):
 PSYoungGen      total 17920K, used 192K [0x00000000d5580000, 0x00000000d6800000, 0x0000000100000000)
  eden space 17408K, 0% used [0x00000000d5580000,0x00000000d5580000,0x00000000d6680000)
  from space 512K, 37% used [0x00000000d6700000,0x00000000d6730020,0x00000000d6780000)
  to   space 512K, 0% used [0x00000000d6780000,0x00000000d6780000,0x00000000d6800000)
 ParOldGen       total 68608K, used 49335K [0x0000000080000000, 0x0000000084300000, 0x00000000d5580000)
  object space 68608K, 71% used [0x0000000080000000,0x000000008302dc48,0x0000000084300000)
 Metaspace       used 58642K, committed 59904K, reserved 1114112K
  class space    used 6263K, committed 6784K, reserved 1048576K
}
Event: 1266.431 GC heap before
{Heap before GC invocations=122 (full 2):
 PSYoungGen      total 17920K, used 17600K [0x00000000d5580000, 0x00000000d6800000, 0x0000000100000000)
  eden space 17408K, 100% used [0x00000000d5580000,0x00000000d6680000,0x00000000d6680000)
  from space 512K, 37% used [0x00000000d6700000,0x00000000d6730020,0x00000000d6780000)
  to   space 512K, 0% used [0x00000000d6780000,0x00000000d6780000,0x00000000d6800000)
 ParOldGen       total 68608K, used 49335K [0x0000000080000000, 0x0000000084300000, 0x00000000d5580000)
  object space 68608K, 71% used [0x0000000080000000,0x000000008302dc48,0x0000000084300000)
 Metaspace       used 58653K, committed 59904K, reserved 1114112K
  class space    used 6263K, committed 6784K, reserved 1048576K
}
Event: 1266.432 GC heap after
{Heap after GC invocations=122 (full 2):
 PSYoungGen      total 17920K, used 160K [0x00000000d5580000, 0x00000000d6800000, 0x0000000100000000)
  eden space 17408K, 0% used [0x00000000d5580000,0x00000000d5580000,0x00000000d6680000)
  from space 512K, 31% used [0x00000000d6780000,0x00000000d67a8000,0x00000000d6800000)
  to   space 512K, 0% used [0x00000000d6700000,0x00000000d6700000,0x00000000d6780000)
 ParOldGen       total 68608K, used 49411K [0x0000000080000000, 0x0000000084300000, 0x00000000d5580000)
  object space 68608K, 72% used [0x0000000080000000,0x0000000083040d00,0x0000000084300000)
 Metaspace       used 58653K, committed 59904K, reserved 1114112K
  class space    used 6263K, committed 6784K, reserved 1048576K
}
Event: 1268.929 GC heap before
{Heap before GC invocations=123 (full 2):
 PSYoungGen      total 17920K, used 17568K [0x00000000d5580000, 0x00000000d6800000, 0x0000000100000000)
  eden space 17408K, 100% used [0x00000000d5580000,0x00000000d6680000,0x00000000d6680000)
  from space 512K, 31% used [0x00000000d6780000,0x00000000d67a8000,0x00000000d6800000)
  to   space 512K, 0% used [0x00000000d6700000,0x00000000d6700000,0x00000000d6780000)
 ParOldGen       total 68608K, used 49411K [0x0000000080000000, 0x0000000084300000, 0x00000000d5580000)
  object space 68608K, 72% used [0x0000000080000000,0x0000000083040d00,0x0000000084300000)
 Metaspace       used 58671K, committed 59904K, reserved 1114112K
  class space    used 6263K, committed 6784K, reserved 1048576K
}
Event: 1268.930 GC heap after
{Heap after GC invocations=123 (full 2):
 PSYoungGen      total 17920K, used 240K [0x00000000d5580000, 0x00000000d6800000, 0x0000000100000000)
  eden space 17408K, 0% used [0x00000000d5580000,0x00000000d5580000,0x00000000d6680000)
  from space 512K, 46% used [0x00000000d6700000,0x00000000d673c048,0x00000000d6780000)
  to   space 512K, 0% used [0x00000000d6780000,0x00000000d6780000,0x00000000d6800000)
 ParOldGen       total 68608K, used 49475K [0x0000000080000000, 0x0000000084300000, 0x00000000d5580000)
  object space 68608K, 72% used [0x0000000080000000,0x0000000083050d30,0x0000000084300000)
 Metaspace       used 58671K, committed 59904K, reserved 1114112K
  class space    used 6263K, committed 6784K, reserved 1048576K
}
Event: 1270.708 GC heap before
{Heap before GC invocations=124 (full 2):
 PSYoungGen      total 17920K, used 17648K [0x00000000d5580000, 0x00000000d6800000, 0x0000000100000000)
  eden space 17408K, 99% used [0x00000000d5580000,0x00000000d667fff0,0x00000000d6680000)
  from space 512K, 46% used [0x00000000d6700000,0x00000000d673c048,0x00000000d6780000)
  to   space 512K, 0% used [0x00000000d6780000,0x00000000d6780000,0x00000000d6800000)
 ParOldGen       total 68608K, used 49475K [0x0000000080000000, 0x0000000084300000, 0x00000000d5580000)
  object space 68608K, 72% used [0x0000000080000000,0x0000000083050d30,0x0000000084300000)
 Metaspace       used 58671K, committed 59904K, reserved 1114112K
  class space    used 6263K, committed 6784K, reserved 1048576K
}
Event: 1270.713 GC heap after
{Heap after GC invocations=124 (full 2):
 PSYoungGen      total 17920K, used 160K [0x00000000d5580000, 0x00000000d6800000, 0x0000000100000000)
  eden space 17408K, 0% used [0x00000000d5580000,0x00000000d5580000,0x00000000d6680000)
  from space 512K, 31% used [0x00000000d6780000,0x00000000d67a8010,0x00000000d6800000)
  to   space 512K, 0% used [0x00000000d6700000,0x00000000d6700000,0x00000000d6780000)
 ParOldGen       total 68608K, used 49539K [0x0000000080000000, 0x0000000084300000, 0x00000000d5580000)
  object space 68608K, 72% used [0x0000000080000000,0x0000000083060d80,0x0000000084300000)
 Metaspace       used 58671K, committed 59904K, reserved 1114112K
  class space    used 6263K, committed 6784K, reserved 1048576K
}
Event: 1278.653 GC heap before
{Heap before GC invocations=125 (full 2):
 PSYoungGen      total 17920K, used 17568K [0x00000000d5580000, 0x00000000d6800000, 0x0000000100000000)
  eden space 17408K, 100% used [0x00000000d5580000,0x00000000d6680000,0x00000000d6680000)
  from space 512K, 31% used [0x00000000d6780000,0x00000000d67a8010,0x00000000d6800000)
  to   space 512K, 0% used [0x00000000d6700000,0x00000000d6700000,0x00000000d6780000)
 ParOldGen       total 68608K, used 49539K [0x0000000080000000, 0x0000000084300000, 0x00000000d5580000)
  object space 68608K, 72% used [0x0000000080000000,0x0000000083060d80,0x0000000084300000)
 Metaspace       used 58671K, committed 59904K, reserved 1114112K
  class space    used 6263K, committed 6784K, reserved 1048576K
}
Event: 1278.654 GC heap after
{Heap after GC invocations=125 (full 2):
 PSYoungGen      total 17920K, used 224K [0x00000000d5580000, 0x00000000d6800000, 0x0000000100000000)
  eden space 17408K, 0% used [0x00000000d5580000,0x00000000d5580000,0x00000000d6680000)
  from space 512K, 43% used [0x00000000d6700000,0x00000000d6738030,0x00000000d6780000)
  to   space 512K, 0% used [0x00000000d6780000,0x00000000d6780000,0x00000000d6800000)
 ParOldGen       total 68608K, used 49635K [0x0000000080000000, 0x0000000084300000, 0x00000000d5580000)
  object space 68608K, 72% used [0x0000000080000000,0x0000000083078de0,0x0000000084300000)
 Metaspace       used 58671K, committed 59904K, reserved 1114112K
  class space    used 6263K, committed 6784K, reserved 1048576K
}

